[09-Sep-2014 03:52:26 UTC] PHP Parse error:  syntax error, unexpected '$args' (T_VARIABLE) in /home/ubuntu/workspace/wp-content/plugins/ebd_dogs.php on line 30
[09-Sep-2014 03:52:37 UTC] PHP Parse error:  syntax error, unexpected '$args' (T_VARIABLE) in /home/ubuntu/workspace/wp-content/plugins/ebd_dogs.php on line 30
[09-Sep-2014 03:54:28 UTC] PHP Warning:  call_user_func_array() expects parameter 1 to be a valid callback, function 'create_dog_posts' not found or invalid function name in /home/ubuntu/workspace/wp-includes/plugin.php on line 505
[09-Sep-2014 03:54:36 UTC] PHP Warning:  call_user_func_array() expects parameter 1 to be a valid callback, function 'create_dog_posts' not found or invalid function name in /home/ubuntu/workspace/wp-includes/plugin.php on line 505
[09-Sep-2014 03:55:39 UTC] PHP Warning:  call_user_func_array() expects parameter 1 to be a valid callback, function 'create_dog_posts' not found or invalid function name in /home/ubuntu/workspace/wp-includes/plugin.php on line 505
[09-Sep-2014 03:55:47 UTC] PHP Warning:  call_user_func_array() expects parameter 1 to be a valid callback, function 'create_dog_posts' not found or invalid function name in /home/ubuntu/workspace/wp-includes/plugin.php on line 505
[09-Sep-2014 03:55:52 UTC] PHP Warning:  call_user_func_array() expects parameter 1 to be a valid callback, function 'create_dog_posts' not found or invalid function name in /home/ubuntu/workspace/wp-includes/plugin.php on line 505
[09-Sep-2014 03:56:00 UTC] PHP Warning:  call_user_func_array() expects parameter 1 to be a valid callback, function 'create_dog_posts' not found or invalid function name in /home/ubuntu/workspace/wp-includes/plugin.php on line 505
[09-Sep-2014 03:56:30 UTC] PHP Warning:  call_user_func_array() expects parameter 1 to be a valid callback, function 'create_dog_posts' not found or invalid function name in /home/ubuntu/workspace/wp-includes/plugin.php on line 505
[17-Sep-2014 01:47:43 UTC] PHP Parse error:  syntax error, unexpected '=>' (T_DOUBLE_ARROW) in /home/ubuntu/workspace/wp-content/plugins/rr_dogs/rr_dogs.php on line 47
[17-Sep-2014 01:47:45 UTC] PHP Parse error:  syntax error, unexpected '=>' (T_DOUBLE_ARROW) in /home/ubuntu/workspace/wp-content/plugins/rr_dogs/rr_dogs.php on line 47
[17-Sep-2014 01:47:45 UTC] PHP Parse error:  syntax error, unexpected '=>' (T_DOUBLE_ARROW) in /home/ubuntu/workspace/wp-content/plugins/rr_dogs/rr_dogs.php on line 47
[17-Sep-2014 01:49:11 UTC] PHP Warning:  call_user_func_array() expects parameter 1 to be a valid callback, function 'rr_post_types' not found or invalid function name in /home/ubuntu/workspace/wp-includes/plugin.php on line 505
[17-Sep-2014 01:49:17 UTC] PHP Warning:  call_user_func_array() expects parameter 1 to be a valid callback, function 'rr_post_types' not found or invalid function name in /home/ubuntu/workspace/wp-includes/plugin.php on line 505
[17-Sep-2014 01:49:33 UTC] PHP Warning:  call_user_func_array() expects parameter 1 to be a valid callback, function 'rr_post_types' not found or invalid function name in /home/ubuntu/workspace/wp-includes/plugin.php on line 505
[17-Sep-2014 01:49:42 UTC] PHP Warning:  call_user_func_array() expects parameter 1 to be a valid callback, function 'rr_post_types' not found or invalid function name in /home/ubuntu/workspace/wp-includes/plugin.php on line 505
[17-Sep-2014 01:50:44 UTC] PHP Warning:  call_user_func_array() expects parameter 1 to be a valid callback, function 'rr_post_types' not found or invalid function name in /home/ubuntu/workspace/wp-includes/plugin.php on line 505
[17-Sep-2014 01:51:42 UTC] PHP Warning:  call_user_func_array() expects parameter 1 to be a valid callback, function 'rr_post_types' not found or invalid function name in /home/ubuntu/workspace/wp-includes/plugin.php on line 505
[17-Sep-2014 01:52:36 UTC] PHP Warning:  call_user_func_array() expects parameter 1 to be a valid callback, function 'rr_post_types' not found or invalid function name in /home/ubuntu/workspace/wp-includes/plugin.php on line 505
[17-Sep-2014 01:52:40 UTC] PHP Warning:  call_user_func_array() expects parameter 1 to be a valid callback, function 'rr_post_types' not found or invalid function name in /home/ubuntu/workspace/wp-includes/plugin.php on line 505
[17-Sep-2014 01:52:52 UTC] PHP Warning:  call_user_func_array() expects parameter 1 to be a valid callback, function 'rr_post_types' not found or invalid function name in /home/ubuntu/workspace/wp-includes/plugin.php on line 505
[17-Sep-2014 01:55:20 UTC] PHP Warning:  call_user_func_array() expects parameter 1 to be a valid callback, function 'rr_post_types' not found or invalid function name in /home/ubuntu/workspace/wp-includes/plugin.php on line 505
[17-Sep-2014 02:38:19 UTC] PHP Parse error:  syntax error, unexpected ',', expecting identifier (T_STRING) or variable (T_VARIABLE) or '{' or '$' in /home/ubuntu/workspace/wp-content/plugins/rr_dogs/rr_dogs.php on line 134
[17-Sep-2014 02:40:20 UTC] PHP Parse error:  syntax error, unexpected ',', expecting identifier (T_STRING) or variable (T_VARIABLE) or '{' or '$' in /home/ubuntu/workspace/wp-content/plugins/rr_dogs/rr_dogs.php on line 134
[17-Sep-2014 02:42:20 UTC] PHP Parse error:  syntax error, unexpected ',', expecting identifier (T_STRING) or variable (T_VARIABLE) or '{' or '$' in /home/ubuntu/workspace/wp-content/plugins/rr_dogs/rr_dogs.php on line 134
[17-Sep-2014 02:57:26 UTC] PHP Parse error:  syntax error, unexpected '$meta_age' (T_VARIABLE), expecting ',' or ';' in /home/ubuntu/workspace/wp-content/plugins/rr_dogs/rr_dogs.php on line 138
[17-Sep-2014 02:57:27 UTC] PHP Parse error:  syntax error, unexpected '$meta_age' (T_VARIABLE), expecting ',' or ';' in /home/ubuntu/workspace/wp-content/plugins/rr_dogs/rr_dogs.php on line 138
[17-Sep-2014 02:57:27 UTC] PHP Parse error:  syntax error, unexpected '$meta_age' (T_VARIABLE), expecting ',' or ';' in /home/ubuntu/workspace/wp-content/plugins/rr_dogs/rr_dogs.php on line 138
[17-Sep-2014 02:57:38 UTC] PHP Parse error:  syntax error, unexpected '$meta_age' (T_VARIABLE), expecting ',' or ';' in /home/ubuntu/workspace/wp-content/plugins/rr_dogs/rr_dogs.php on line 138
[17-Sep-2014 02:57:44 UTC] PHP Parse error:  syntax error, unexpected '$meta_age' (T_VARIABLE), expecting ',' or ';' in /home/ubuntu/workspace/wp-content/plugins/rr_dogs/rr_dogs.php on line 138
[17-Sep-2014 17:32:00 UTC] PHP Warning:  call_user_func() expects parameter 1 to be a valid callback, function 'rr_dog_adoption_meta_content' not found or invalid function name in /home/ubuntu/workspace/wp-admin/includes/template.php on line 1035
[17-Sep-2014 19:14:47 UTC] PHP Parse error:  syntax error, unexpected end of file in /home/ubuntu/workspace/wp-content/plugins/rr_dogs/rr_dogs.php on line 106
[17-Sep-2014 19:14:47 UTC] PHP Parse error:  syntax error, unexpected end of file in /home/ubuntu/workspace/wp-content/plugins/rr_dogs/rr_dogs.php on line 106
[17-Sep-2014 19:14:55 UTC] PHP Parse error:  syntax error, unexpected end of file in /home/ubuntu/workspace/wp-content/plugins/rr_dogs/rr_dogs.php on line 106
[17-Sep-2014 19:15:15 UTC] PHP Fatal error:  Call to a member function add_rewrite_tag() on a non-object in /home/ubuntu/workspace/wp-includes/rewrite.php on line 51
[17-Sep-2014 19:15:38 UTC] PHP Fatal error:  Call to a member function add_rewrite_tag() on a non-object in /home/ubuntu/workspace/wp-includes/rewrite.php on line 51
[17-Sep-2014 19:41:08 UTC] PHP Fatal error:  Call to a member function add_rewrite_tag() on a non-object in /home/ubuntu/workspace/wp-includes/rewrite.php on line 51
[17-Sep-2014 19:41:08 UTC] PHP Fatal error:  Call to a member function add_rewrite_tag() on a non-object in /home/ubuntu/workspace/wp-includes/rewrite.php on line 51
[17-Sep-2014 19:53:14 UTC] PHP Warning:  call_user_func() expects parameter 1 to be a valid callback, function 'rr_dog_details_content' not found or invalid function name in /home/ubuntu/workspace/wp-admin/includes/template.php on line 1035
[17-Sep-2014 19:53:34 UTC] PHP Warning:  call_user_func() expects parameter 1 to be a valid callback, function 'rr_dog_details_content' not found or invalid function name in /home/ubuntu/workspace/wp-admin/includes/template.php on line 1035
[18-Sep-2014 19:22:50 UTC] PHP Warning:  call_user_func() expects parameter 1 to be a valid callback, function 'rr_dog_details_content' not found or invalid function name in /home/ubuntu/workspace/wp-admin/includes/template.php on line 1035
[18-Sep-2014 19:23:07 UTC] PHP Warning:  call_user_func() expects parameter 1 to be a valid callback, function 'rr_dog_details_content' not found or invalid function name in /home/ubuntu/workspace/wp-admin/includes/template.php on line 1035
[18-Sep-2014 19:23:23 UTC] PHP Warning:  call_user_func() expects parameter 1 to be a valid callback, function 'rr_dog_details_content' not found or invalid function name in /home/ubuntu/workspace/wp-admin/includes/template.php on line 1035
[22-Sep-2014 17:47:38 UTC] PHP Warning:  call_user_func() expects parameter 1 to be a valid callback, function 'rr_dog_details_content' not found or invalid function name in /home/ubuntu/workspace/wp-admin/includes/template.php on line 1035
[22-Sep-2014 17:50:37 UTC] PHP Fatal error:  Call to undefined function check_admin_referrer() in /home/ubuntu/workspace/wp-content/plugins/rr_dogs/rr_dogs.php on line 97
[22-Sep-2014 17:51:05 UTC] PHP Fatal error:  Call to undefined function check_admin_referrer() in /home/ubuntu/workspace/wp-content/plugins/rr_dogs/rr_dogs.php on line 97
[22-Sep-2014 17:51:40 UTC] PHP Fatal error:  Call to undefined function check_admin_referrer() in /home/ubuntu/workspace/wp-content/plugins/rr_dogs/rr_dogs.php on line 97
[22-Sep-2014 18:33:51 UTC] PHP Warning:  Missing argument 2 for wp_kses(), called in /home/ubuntu/workspace/wp-content/plugins/rr_dogs/rr_dogs.php on line 110 and defined in /home/ubuntu/workspace/wp-includes/kses.php on line 486
[22-Sep-2014 18:33:51 UTC] PHP Warning:  Missing argument 2 for wp_kses(), called in /home/ubuntu/workspace/wp-content/plugins/rr_dogs/rr_dogs.php on line 112 and defined in /home/ubuntu/workspace/wp-includes/kses.php on line 486
[22-Sep-2014 18:34:05 UTC] PHP Warning:  Missing argument 2 for wp_kses(), called in /home/ubuntu/workspace/wp-content/plugins/rr_dogs/rr_dogs.php on line 110 and defined in /home/ubuntu/workspace/wp-includes/kses.php on line 486
[22-Sep-2014 18:34:05 UTC] PHP Warning:  Missing argument 2 for wp_kses(), called in /home/ubuntu/workspace/wp-content/plugins/rr_dogs/rr_dogs.php on line 112 and defined in /home/ubuntu/workspace/wp-includes/kses.php on line 486
[22-Sep-2014 18:39:11 UTC] PHP Warning:  Missing argument 2 for wp_kses(), called in /home/ubuntu/workspace/wp-content/plugins/rr_dogs/rr_dogs.php on line 111 and defined in /home/ubuntu/workspace/wp-includes/kses.php on line 486
[22-Sep-2014 18:39:11 UTC] PHP Warning:  Missing argument 2 for wp_kses(), called in /home/ubuntu/workspace/wp-content/plugins/rr_dogs/rr_dogs.php on line 113 and defined in /home/ubuntu/workspace/wp-includes/kses.php on line 486
[22-Sep-2014 18:39:29 UTC] PHP Warning:  Missing argument 2 for wp_kses(), called in /home/ubuntu/workspace/wp-content/plugins/rr_dogs/rr_dogs.php on line 111 and defined in /home/ubuntu/workspace/wp-includes/kses.php on line 486
[22-Sep-2014 18:39:29 UTC] PHP Warning:  Missing argument 2 for wp_kses(), called in /home/ubuntu/workspace/wp-content/plugins/rr_dogs/rr_dogs.php on line 113 and defined in /home/ubuntu/workspace/wp-includes/kses.php on line 486
[22-Sep-2014 18:41:19 UTC] PHP Warning:  Missing argument 2 for wp_kses(), called in /home/ubuntu/workspace/wp-content/plugins/rr_dogs/rr_dogs.php on line 111 and defined in /home/ubuntu/workspace/wp-includes/kses.php on line 486
[22-Sep-2014 18:41:19 UTC] PHP Warning:  Missing argument 2 for wp_kses(), called in /home/ubuntu/workspace/wp-content/plugins/rr_dogs/rr_dogs.php on line 113 and defined in /home/ubuntu/workspace/wp-includes/kses.php on line 486
[22-Sep-2014 18:42:00 UTC] PHP Warning:  Missing argument 2 for wp_kses(), called in /home/ubuntu/workspace/wp-content/plugins/rr_dogs/rr_dogs.php on line 111 and defined in /home/ubuntu/workspace/wp-includes/kses.php on line 486
[22-Sep-2014 18:42:00 UTC] PHP Warning:  Missing argument 2 for wp_kses(), called in /home/ubuntu/workspace/wp-content/plugins/rr_dogs/rr_dogs.php on line 113 and defined in /home/ubuntu/workspace/wp-includes/kses.php on line 486
[22-Sep-2014 18:42:17 UTC] PHP Warning:  Missing argument 2 for wp_kses(), called in /home/ubuntu/workspace/wp-content/plugins/rr_dogs/rr_dogs.php on line 111 and defined in /home/ubuntu/workspace/wp-includes/kses.php on line 486
[22-Sep-2014 18:42:17 UTC] PHP Warning:  Missing argument 2 for wp_kses(), called in /home/ubuntu/workspace/wp-content/plugins/rr_dogs/rr_dogs.php on line 113 and defined in /home/ubuntu/workspace/wp-includes/kses.php on line 486
[22-Sep-2014 18:45:59 UTC] PHP Warning:  Missing argument 2 for wp_kses(), called in /home/ubuntu/workspace/wp-content/plugins/rr_dogs/rr_dogs.php on line 111 and defined in /home/ubuntu/workspace/wp-includes/kses.php on line 486
[22-Sep-2014 18:45:59 UTC] PHP Warning:  Missing argument 2 for wp_kses(), called in /home/ubuntu/workspace/wp-content/plugins/rr_dogs/rr_dogs.php on line 113 and defined in /home/ubuntu/workspace/wp-includes/kses.php on line 486
[22-Sep-2014 18:46:13 UTC] PHP Warning:  Missing argument 2 for wp_kses(), called in /home/ubuntu/workspace/wp-content/plugins/rr_dogs/rr_dogs.php on line 111 and defined in /home/ubuntu/workspace/wp-includes/kses.php on line 486
[22-Sep-2014 18:46:13 UTC] PHP Warning:  Missing argument 2 for wp_kses(), called in /home/ubuntu/workspace/wp-content/plugins/rr_dogs/rr_dogs.php on line 113 and defined in /home/ubuntu/workspace/wp-includes/kses.php on line 486
[22-Sep-2014 18:46:32 UTC] PHP Warning:  Missing argument 2 for wp_kses(), called in /home/ubuntu/workspace/wp-content/plugins/rr_dogs/rr_dogs.php on line 111 and defined in /home/ubuntu/workspace/wp-includes/kses.php on line 486
[22-Sep-2014 18:46:32 UTC] PHP Warning:  Missing argument 2 for wp_kses(), called in /home/ubuntu/workspace/wp-content/plugins/rr_dogs/rr_dogs.php on line 113 and defined in /home/ubuntu/workspace/wp-includes/kses.php on line 486
[22-Sep-2014 18:46:48 UTC] PHP Warning:  Missing argument 2 for wp_kses(), called in /home/ubuntu/workspace/wp-content/plugins/rr_dogs/rr_dogs.php on line 111 and defined in /home/ubuntu/workspace/wp-includes/kses.php on line 486
[22-Sep-2014 18:46:48 UTC] PHP Warning:  Missing argument 2 for wp_kses(), called in /home/ubuntu/workspace/wp-content/plugins/rr_dogs/rr_dogs.php on line 113 and defined in /home/ubuntu/workspace/wp-includes/kses.php on line 486
[22-Sep-2014 19:42:05 UTC] PHP Warning:  Missing argument 2 for wp_kses(), called in /home/ubuntu/workspace/wp-content/plugins/rr_dogs/rr_dogs.php on line 111 and defined in /home/ubuntu/workspace/wp-includes/kses.php on line 486
[22-Sep-2014 19:42:05 UTC] PHP Warning:  Missing argument 2 for wp_kses(), called in /home/ubuntu/workspace/wp-content/plugins/rr_dogs/rr_dogs.php on line 113 and defined in /home/ubuntu/workspace/wp-includes/kses.php on line 486
[22-Sep-2014 20:00:40 UTC] PHP Warning:  Missing argument 2 for wp_kses(), called in /home/ubuntu/workspace/wp-content/plugins/rr_dogs/rr_dogs.php on line 112 and defined in /home/ubuntu/workspace/wp-includes/kses.php on line 486
[22-Sep-2014 20:00:40 UTC] PHP Warning:  Missing argument 2 for wp_kses(), called in /home/ubuntu/workspace/wp-content/plugins/rr_dogs/rr_dogs.php on line 114 and defined in /home/ubuntu/workspace/wp-includes/kses.php on line 486
[22-Sep-2014 20:01:34 UTC] PHP Warning:  Missing argument 3 for update_post_meta(), called in /home/ubuntu/workspace/wp-content/plugins/rr_dogs/rr_dogs.php on line 112 and defined in /home/ubuntu/workspace/wp-includes/post.php on line 1954
[22-Sep-2014 20:01:34 UTC] PHP Warning:  Missing argument 3 for update_post_meta(), called in /home/ubuntu/workspace/wp-content/plugins/rr_dogs/rr_dogs.php on line 114 and defined in /home/ubuntu/workspace/wp-includes/post.php on line 1954
[22-Sep-2014 20:01:59 UTC] PHP Warning:  Missing argument 3 for update_post_meta(), called in /home/ubuntu/workspace/wp-content/plugins/rr_dogs/rr_dogs.php on line 112 and defined in /home/ubuntu/workspace/wp-includes/post.php on line 1954
[22-Sep-2014 20:01:59 UTC] PHP Warning:  Missing argument 3 for update_post_meta(), called in /home/ubuntu/workspace/wp-content/plugins/rr_dogs/rr_dogs.php on line 114 and defined in /home/ubuntu/workspace/wp-includes/post.php on line 1954
[22-Sep-2014 20:02:16 UTC] PHP Warning:  Missing argument 2 for wp_kses(), called in /home/ubuntu/workspace/wp-content/plugins/rr_dogs/rr_dogs.php on line 112 and defined in /home/ubuntu/workspace/wp-includes/kses.php on line 486
[22-Sep-2014 20:02:16 UTC] PHP Warning:  Missing argument 2 for wp_kses(), called in /home/ubuntu/workspace/wp-content/plugins/rr_dogs/rr_dogs.php on line 114 and defined in /home/ubuntu/workspace/wp-includes/kses.php on line 486
[22-Sep-2014 20:02:31 UTC] PHP Warning:  Missing argument 2 for wp_kses(), called in /home/ubuntu/workspace/wp-content/plugins/rr_dogs/rr_dogs.php on line 112 and defined in /home/ubuntu/workspace/wp-includes/kses.php on line 486
[22-Sep-2014 20:02:31 UTC] PHP Warning:  Missing argument 2 for wp_kses(), called in /home/ubuntu/workspace/wp-content/plugins/rr_dogs/rr_dogs.php on line 114 and defined in /home/ubuntu/workspace/wp-includes/kses.php on line 486
[22-Sep-2014 20:17:12 UTC] PHP Parse error:  syntax error, unexpected 'echo' (T_ECHO) in /home/ubuntu/workspace/wp-content/plugins/rr_dogs/rr_dogs.php on line 77
[22-Sep-2014 20:21:07 UTC] PHP Warning:  Missing argument 2 for wp_kses(), called in /home/ubuntu/workspace/wp-content/plugins/rr_dogs/rr_dogs.php on line 113 and defined in /home/ubuntu/workspace/wp-includes/kses.php on line 486
[22-Sep-2014 20:21:07 UTC] PHP Warning:  Missing argument 2 for wp_kses(), called in /home/ubuntu/workspace/wp-content/plugins/rr_dogs/rr_dogs.php on line 115 and defined in /home/ubuntu/workspace/wp-includes/kses.php on line 486
[22-Sep-2014 20:21:26 UTC] PHP Warning:  Missing argument 2 for wp_kses(), called in /home/ubuntu/workspace/wp-content/plugins/rr_dogs/rr_dogs.php on line 113 and defined in /home/ubuntu/workspace/wp-includes/kses.php on line 486
[22-Sep-2014 20:21:26 UTC] PHP Warning:  Missing argument 2 for wp_kses(), called in /home/ubuntu/workspace/wp-content/plugins/rr_dogs/rr_dogs.php on line 115 and defined in /home/ubuntu/workspace/wp-includes/kses.php on line 486
[22-Sep-2014 20:21:59 UTC] PHP Warning:  Missing argument 2 for wp_kses(), called in /home/ubuntu/workspace/wp-content/plugins/rr_dogs/rr_dogs.php on line 113 and defined in /home/ubuntu/workspace/wp-includes/kses.php on line 486
[22-Sep-2014 20:21:59 UTC] PHP Warning:  Missing argument 2 for wp_kses(), called in /home/ubuntu/workspace/wp-content/plugins/rr_dogs/rr_dogs.php on line 115 and defined in /home/ubuntu/workspace/wp-includes/kses.php on line 486
[22-Sep-2014 20:22:48 UTC] PHP Warning:  Missing argument 2 for wp_kses(), called in /home/ubuntu/workspace/wp-content/plugins/rr_dogs/rr_dogs.php on line 113 and defined in /home/ubuntu/workspace/wp-includes/kses.php on line 486
[22-Sep-2014 20:22:48 UTC] PHP Warning:  Missing argument 2 for wp_kses(), called in /home/ubuntu/workspace/wp-content/plugins/rr_dogs/rr_dogs.php on line 115 and defined in /home/ubuntu/workspace/wp-includes/kses.php on line 486
[22-Sep-2014 20:23:41 UTC] PHP Warning:  Missing argument 2 for wp_kses(), called in /home/ubuntu/workspace/wp-content/plugins/rr_dogs/rr_dogs.php on line 113 and defined in /home/ubuntu/workspace/wp-includes/kses.php on line 486
[22-Sep-2014 20:23:41 UTC] PHP Warning:  Missing argument 2 for wp_kses(), called in /home/ubuntu/workspace/wp-content/plugins/rr_dogs/rr_dogs.php on line 115 and defined in /home/ubuntu/workspace/wp-includes/kses.php on line 486
[22-Sep-2014 20:24:15 UTC] PHP Warning:  Missing argument 2 for wp_kses(), called in /home/ubuntu/workspace/wp-content/plugins/rr_dogs/rr_dogs.php on line 113 and defined in /home/ubuntu/workspace/wp-includes/kses.php on line 486
[22-Sep-2014 20:24:15 UTC] PHP Warning:  Missing argument 2 for wp_kses(), called in /home/ubuntu/workspace/wp-content/plugins/rr_dogs/rr_dogs.php on line 115 and defined in /home/ubuntu/workspace/wp-includes/kses.php on line 486
[22-Sep-2014 22:12:34 UTC] PHP Warning:  call_user_func() expects parameter 1 to be a valid callback, function 'rr_event_box_content' not found or invalid function name in /home/ubuntu/workspace/wp-admin/includes/template.php on line 1035
[22-Sep-2014 22:32:30 UTC] PHP Warning:  Missing argument 2 for wp_kses(), called in /home/ubuntu/workspace/wp-content/plugins/rr_dogs/rr_dogs.php on line 184 and defined in /home/ubuntu/workspace/wp-includes/kses.php on line 486
[22-Sep-2014 22:32:30 UTC] PHP Warning:  Missing argument 2 for wp_kses(), called in /home/ubuntu/workspace/wp-content/plugins/rr_dogs/rr_dogs.php on line 186 and defined in /home/ubuntu/workspace/wp-includes/kses.php on line 486
[22-Sep-2014 23:26:48 UTC] PHP Warning:  Missing argument 2 for wp_kses(), called in /home/ubuntu/workspace/wp-content/plugins/rr_dogs/rr_dogs.php on line 187 and defined in /home/ubuntu/workspace/wp-includes/kses.php on line 486
[22-Sep-2014 23:26:48 UTC] PHP Warning:  Missing argument 2 for wp_kses(), called in /home/ubuntu/workspace/wp-content/plugins/rr_dogs/rr_dogs.php on line 189 and defined in /home/ubuntu/workspace/wp-includes/kses.php on line 486
[22-Sep-2014 23:26:48 UTC] PHP Warning:  Missing argument 2 for wp_kses(), called in /home/ubuntu/workspace/wp-content/plugins/rr_dogs/rr_dogs.php on line 191 and defined in /home/ubuntu/workspace/wp-includes/kses.php on line 486
[22-Sep-2014 23:26:48 UTC] PHP Warning:  Missing argument 2 for wp_kses(), called in /home/ubuntu/workspace/wp-content/plugins/rr_dogs/rr_dogs.php on line 193 and defined in /home/ubuntu/workspace/wp-includes/kses.php on line 486
[22-Sep-2014 23:36:31 UTC] PHP Warning:  Missing argument 2 for wp_kses(), called in /home/ubuntu/workspace/wp-content/plugins/rr_dogs/rr_dogs.php on line 187 and defined in /home/ubuntu/workspace/wp-includes/kses.php on line 486
[22-Sep-2014 23:36:31 UTC] PHP Warning:  Missing argument 2 for wp_kses(), called in /home/ubuntu/workspace/wp-content/plugins/rr_dogs/rr_dogs.php on line 189 and defined in /home/ubuntu/workspace/wp-includes/kses.php on line 486
[22-Sep-2014 23:36:31 UTC] PHP Warning:  Missing argument 2 for wp_kses(), called in /home/ubuntu/workspace/wp-content/plugins/rr_dogs/rr_dogs.php on line 191 and defined in /home/ubuntu/workspace/wp-includes/kses.php on line 486
[22-Sep-2014 23:36:31 UTC] PHP Warning:  Missing argument 2 for wp_kses(), called in /home/ubuntu/workspace/wp-content/plugins/rr_dogs/rr_dogs.php on line 193 and defined in /home/ubuntu/workspace/wp-includes/kses.php on line 486
[22-Sep-2014 23:44:00 UTC] PHP Warning:  Missing argument 2 for wp_kses(), called in /home/ubuntu/workspace/wp-content/plugins/rr_dogs/rr_dogs.php on line 187 and defined in /home/ubuntu/workspace/wp-includes/kses.php on line 486
[22-Sep-2014 23:44:00 UTC] PHP Warning:  Missing argument 2 for wp_kses(), called in /home/ubuntu/workspace/wp-content/plugins/rr_dogs/rr_dogs.php on line 189 and defined in /home/ubuntu/workspace/wp-includes/kses.php on line 486
[22-Sep-2014 23:44:00 UTC] PHP Warning:  Missing argument 2 for wp_kses(), called in /home/ubuntu/workspace/wp-content/plugins/rr_dogs/rr_dogs.php on line 191 and defined in /home/ubuntu/workspace/wp-includes/kses.php on line 486
[22-Sep-2014 23:44:00 UTC] PHP Warning:  Missing argument 2 for wp_kses(), called in /home/ubuntu/workspace/wp-content/plugins/rr_dogs/rr_dogs.php on line 193 and defined in /home/ubuntu/workspace/wp-includes/kses.php on line 486
[22-Sep-2014 23:44:32 UTC] PHP Warning:  Missing argument 2 for wp_kses(), called in /home/ubuntu/workspace/wp-content/plugins/rr_dogs/rr_dogs.php on line 187 and defined in /home/ubuntu/workspace/wp-includes/kses.php on line 486
[22-Sep-2014 23:44:32 UTC] PHP Warning:  Missing argument 2 for wp_kses(), called in /home/ubuntu/workspace/wp-content/plugins/rr_dogs/rr_dogs.php on line 189 and defined in /home/ubuntu/workspace/wp-includes/kses.php on line 486
[22-Sep-2014 23:44:32 UTC] PHP Warning:  Missing argument 2 for wp_kses(), called in /home/ubuntu/workspace/wp-content/plugins/rr_dogs/rr_dogs.php on line 191 and defined in /home/ubuntu/workspace/wp-includes/kses.php on line 486
[22-Sep-2014 23:44:32 UTC] PHP Warning:  Missing argument 2 for wp_kses(), called in /home/ubuntu/workspace/wp-content/plugins/rr_dogs/rr_dogs.php on line 193 and defined in /home/ubuntu/workspace/wp-includes/kses.php on line 486
[23-Sep-2014 01:47:24 UTC] PHP Warning:  Missing argument 2 for wp_kses(), called in /home/ubuntu/workspace/wp-content/plugins/rr_dogs/rr_dogs.php on line 196 and defined in /home/ubuntu/workspace/wp-includes/kses.php on line 486
[23-Sep-2014 01:47:24 UTC] PHP Warning:  Missing argument 2 for wp_kses(), called in /home/ubuntu/workspace/wp-content/plugins/rr_dogs/rr_dogs.php on line 198 and defined in /home/ubuntu/workspace/wp-includes/kses.php on line 486
[23-Sep-2014 01:50:08 UTC] PHP Warning:  Missing argument 2 for wp_kses(), called in /home/ubuntu/workspace/wp-content/plugins/rr_dogs/rr_dogs.php on line 202 and defined in /home/ubuntu/workspace/wp-includes/kses.php on line 486
[23-Sep-2014 01:50:08 UTC] PHP Warning:  Missing argument 2 for wp_kses(), called in /home/ubuntu/workspace/wp-content/plugins/rr_dogs/rr_dogs.php on line 204 and defined in /home/ubuntu/workspace/wp-includes/kses.php on line 486
[23-Sep-2014 01:50:57 UTC] PHP Warning:  Missing argument 2 for wp_kses(), called in /home/ubuntu/workspace/wp-content/plugins/rr_dogs/rr_dogs.php on line 202 and defined in /home/ubuntu/workspace/wp-includes/kses.php on line 486
[23-Sep-2014 01:50:57 UTC] PHP Warning:  Missing argument 2 for wp_kses(), called in /home/ubuntu/workspace/wp-content/plugins/rr_dogs/rr_dogs.php on line 204 and defined in /home/ubuntu/workspace/wp-includes/kses.php on line 486
[23-Sep-2014 01:51:50 UTC] PHP Warning:  Missing argument 2 for wp_kses(), called in /home/ubuntu/workspace/wp-content/plugins/rr_dogs/rr_dogs.php on line 202 and defined in /home/ubuntu/workspace/wp-includes/kses.php on line 486
[23-Sep-2014 01:51:50 UTC] PHP Warning:  Missing argument 2 for wp_kses(), called in /home/ubuntu/workspace/wp-content/plugins/rr_dogs/rr_dogs.php on line 204 and defined in /home/ubuntu/workspace/wp-includes/kses.php on line 486
[23-Sep-2014 01:51:50 UTC] PHP Warning:  Missing argument 2 for wp_kses(), called in /home/ubuntu/workspace/wp-content/plugins/rr_dogs/rr_dogs.php on line 206 and defined in /home/ubuntu/workspace/wp-includes/kses.php on line 486
[23-Sep-2014 01:56:49 UTC] PHP Warning:  Missing argument 2 for wp_kses(), called in /home/ubuntu/workspace/wp-content/plugins/rr_dogs/rr_dogs.php on line 202 and defined in /home/ubuntu/workspace/wp-includes/kses.php on line 486
[23-Sep-2014 01:56:49 UTC] PHP Warning:  Missing argument 2 for wp_kses(), called in /home/ubuntu/workspace/wp-content/plugins/rr_dogs/rr_dogs.php on line 204 and defined in /home/ubuntu/workspace/wp-includes/kses.php on line 486
[23-Sep-2014 01:56:49 UTC] PHP Warning:  Missing argument 2 for wp_kses(), called in /home/ubuntu/workspace/wp-content/plugins/rr_dogs/rr_dogs.php on line 206 and defined in /home/ubuntu/workspace/wp-includes/kses.php on line 486
[23-Sep-2014 01:57:09 UTC] PHP Warning:  Missing argument 2 for wp_kses(), called in /home/ubuntu/workspace/wp-content/plugins/rr_dogs/rr_dogs.php on line 202 and defined in /home/ubuntu/workspace/wp-includes/kses.php on line 486
[23-Sep-2014 01:57:09 UTC] PHP Warning:  Missing argument 2 for wp_kses(), called in /home/ubuntu/workspace/wp-content/plugins/rr_dogs/rr_dogs.php on line 204 and defined in /home/ubuntu/workspace/wp-includes/kses.php on line 486
[23-Sep-2014 01:57:09 UTC] PHP Warning:  Missing argument 2 for wp_kses(), called in /home/ubuntu/workspace/wp-content/plugins/rr_dogs/rr_dogs.php on line 206 and defined in /home/ubuntu/workspace/wp-includes/kses.php on line 486
[23-Sep-2014 02:14:14 UTC] PHP Warning:  Missing argument 2 for wp_kses(), called in /home/ubuntu/workspace/wp-content/plugins/rr_dogs/rr_dogs.php on line 214 and defined in /home/ubuntu/workspace/wp-includes/kses.php on line 486
[23-Sep-2014 02:14:14 UTC] PHP Warning:  Missing argument 2 for wp_kses(), called in /home/ubuntu/workspace/wp-content/plugins/rr_dogs/rr_dogs.php on line 216 and defined in /home/ubuntu/workspace/wp-includes/kses.php on line 486
[23-Sep-2014 02:14:14 UTC] PHP Warning:  Missing argument 2 for wp_kses(), called in /home/ubuntu/workspace/wp-content/plugins/rr_dogs/rr_dogs.php on line 218 and defined in /home/ubuntu/workspace/wp-includes/kses.php on line 486
[23-Sep-2014 02:16:09 UTC] PHP Warning:  Missing argument 2 for wp_kses(), called in /home/ubuntu/workspace/wp-content/plugins/rr_dogs/rr_dogs.php on line 219 and defined in /home/ubuntu/workspace/wp-includes/kses.php on line 486
[23-Sep-2014 02:16:09 UTC] PHP Warning:  Missing argument 2 for wp_kses(), called in /home/ubuntu/workspace/wp-content/plugins/rr_dogs/rr_dogs.php on line 221 and defined in /home/ubuntu/workspace/wp-includes/kses.php on line 486
[23-Sep-2014 02:16:09 UTC] PHP Warning:  Missing argument 2 for wp_kses(), called in /home/ubuntu/workspace/wp-content/plugins/rr_dogs/rr_dogs.php on line 223 and defined in /home/ubuntu/workspace/wp-includes/kses.php on line 486
[23-Sep-2014 02:20:24 UTC] PHP Warning:  Missing argument 2 for wp_kses(), called in /home/ubuntu/workspace/wp-content/plugins/rr_dogs/rr_dogs.php on line 219 and defined in /home/ubuntu/workspace/wp-includes/kses.php on line 486
[23-Sep-2014 02:20:24 UTC] PHP Warning:  Missing argument 2 for wp_kses(), called in /home/ubuntu/workspace/wp-content/plugins/rr_dogs/rr_dogs.php on line 221 and defined in /home/ubuntu/workspace/wp-includes/kses.php on line 486
[23-Sep-2014 02:20:24 UTC] PHP Warning:  Missing argument 2 for wp_kses(), called in /home/ubuntu/workspace/wp-content/plugins/rr_dogs/rr_dogs.php on line 223 and defined in /home/ubuntu/workspace/wp-includes/kses.php on line 486
[23-Sep-2014 02:21:30 UTC] PHP Warning:  Missing argument 2 for wp_kses(), called in /home/ubuntu/workspace/wp-content/plugins/rr_dogs/rr_dogs.php on line 219 and defined in /home/ubuntu/workspace/wp-includes/kses.php on line 486
[23-Sep-2014 02:21:30 UTC] PHP Warning:  Missing argument 2 for wp_kses(), called in /home/ubuntu/workspace/wp-content/plugins/rr_dogs/rr_dogs.php on line 221 and defined in /home/ubuntu/workspace/wp-includes/kses.php on line 486
[23-Sep-2014 02:21:30 UTC] PHP Warning:  Missing argument 2 for wp_kses(), called in /home/ubuntu/workspace/wp-content/plugins/rr_dogs/rr_dogs.php on line 223 and defined in /home/ubuntu/workspace/wp-includes/kses.php on line 486
[23-Sep-2014 02:22:26 UTC] PHP Warning:  Missing argument 2 for wp_kses(), called in /home/ubuntu/workspace/wp-content/plugins/rr_dogs/rr_dogs.php on line 219 and defined in /home/ubuntu/workspace/wp-includes/kses.php on line 486
[23-Sep-2014 02:22:26 UTC] PHP Warning:  Missing argument 2 for wp_kses(), called in /home/ubuntu/workspace/wp-content/plugins/rr_dogs/rr_dogs.php on line 221 and defined in /home/ubuntu/workspace/wp-includes/kses.php on line 486
[23-Sep-2014 02:22:26 UTC] PHP Warning:  Missing argument 2 for wp_kses(), called in /home/ubuntu/workspace/wp-content/plugins/rr_dogs/rr_dogs.php on line 223 and defined in /home/ubuntu/workspace/wp-includes/kses.php on line 486
[23-Sep-2014 02:23:20 UTC] PHP Warning:  Missing argument 2 for wp_kses(), called in /home/ubuntu/workspace/wp-content/plugins/rr_dogs/rr_dogs.php on line 219 and defined in /home/ubuntu/workspace/wp-includes/kses.php on line 486
[23-Sep-2014 02:23:20 UTC] PHP Warning:  Missing argument 2 for wp_kses(), called in /home/ubuntu/workspace/wp-content/plugins/rr_dogs/rr_dogs.php on line 221 and defined in /home/ubuntu/workspace/wp-includes/kses.php on line 486
[23-Sep-2014 02:23:20 UTC] PHP Warning:  Missing argument 2 for wp_kses(), called in /home/ubuntu/workspace/wp-content/plugins/rr_dogs/rr_dogs.php on line 223 and defined in /home/ubuntu/workspace/wp-includes/kses.php on line 486
[23-Sep-2014 02:41:21 UTC] PHP Warning:  Missing argument 2 for wp_kses(), called in /home/ubuntu/workspace/wp-content/plugins/rr_dogs/rr_dogs.php on line 221 and defined in /home/ubuntu/workspace/wp-includes/kses.php on line 486
[23-Sep-2014 02:41:21 UTC] PHP Warning:  Missing argument 2 for wp_kses(), called in /home/ubuntu/workspace/wp-content/plugins/rr_dogs/rr_dogs.php on line 223 and defined in /home/ubuntu/workspace/wp-includes/kses.php on line 486
[23-Sep-2014 02:41:21 UTC] PHP Warning:  Missing argument 2 for wp_kses(), called in /home/ubuntu/workspace/wp-content/plugins/rr_dogs/rr_dogs.php on line 225 and defined in /home/ubuntu/workspace/wp-includes/kses.php on line 486
[23-Sep-2014 02:41:40 UTC] PHP Warning:  Missing argument 2 for wp_kses(), called in /home/ubuntu/workspace/wp-content/plugins/rr_dogs/rr_dogs.php on line 221 and defined in /home/ubuntu/workspace/wp-includes/kses.php on line 486
[23-Sep-2014 02:41:40 UTC] PHP Warning:  Missing argument 2 for wp_kses(), called in /home/ubuntu/workspace/wp-content/plugins/rr_dogs/rr_dogs.php on line 223 and defined in /home/ubuntu/workspace/wp-includes/kses.php on line 486
[23-Sep-2014 02:41:40 UTC] PHP Warning:  Missing argument 2 for wp_kses(), called in /home/ubuntu/workspace/wp-content/plugins/rr_dogs/rr_dogs.php on line 225 and defined in /home/ubuntu/workspace/wp-includes/kses.php on line 486
[23-Sep-2014 02:41:58 UTC] PHP Warning:  Missing argument 2 for wp_kses(), called in /home/ubuntu/workspace/wp-content/plugins/rr_dogs/rr_dogs.php on line 221 and defined in /home/ubuntu/workspace/wp-includes/kses.php on line 486
[23-Sep-2014 02:41:58 UTC] PHP Warning:  Missing argument 2 for wp_kses(), called in /home/ubuntu/workspace/wp-content/plugins/rr_dogs/rr_dogs.php on line 223 and defined in /home/ubuntu/workspace/wp-includes/kses.php on line 486
[23-Sep-2014 02:41:58 UTC] PHP Warning:  Missing argument 2 for wp_kses(), called in /home/ubuntu/workspace/wp-content/plugins/rr_dogs/rr_dogs.php on line 225 and defined in /home/ubuntu/workspace/wp-includes/kses.php on line 486
[27-Sep-2014 16:19:09 UTC] PHP Warning:  Missing argument 2 for wp_kses(), called in /home/ubuntu/workspace/wp-content/plugins/rr_dogs/rr_dogs.php on line 221 and defined in /home/ubuntu/workspace/wp-includes/kses.php on line 486
[27-Sep-2014 16:19:09 UTC] PHP Warning:  Missing argument 2 for wp_kses(), called in /home/ubuntu/workspace/wp-content/plugins/rr_dogs/rr_dogs.php on line 223 and defined in /home/ubuntu/workspace/wp-includes/kses.php on line 486
[27-Sep-2014 16:19:09 UTC] PHP Warning:  Missing argument 2 for wp_kses(), called in /home/ubuntu/workspace/wp-content/plugins/rr_dogs/rr_dogs.php on line 225 and defined in /home/ubuntu/workspace/wp-includes/kses.php on line 486
[27-Sep-2014 16:20:49 UTC] PHP Warning:  Missing argument 2 for wp_kses(), called in /home/ubuntu/workspace/wp-content/plugins/rr_dogs/rr_dogs.php on line 221 and defined in /home/ubuntu/workspace/wp-includes/kses.php on line 486
[27-Sep-2014 16:20:49 UTC] PHP Warning:  Missing argument 2 for wp_kses(), called in /home/ubuntu/workspace/wp-content/plugins/rr_dogs/rr_dogs.php on line 223 and defined in /home/ubuntu/workspace/wp-includes/kses.php on line 486
[27-Sep-2014 16:20:49 UTC] PHP Warning:  Missing argument 2 for wp_kses(), called in /home/ubuntu/workspace/wp-content/plugins/rr_dogs/rr_dogs.php on line 225 and defined in /home/ubuntu/workspace/wp-includes/kses.php on line 486
[28-Sep-2014 00:07:51 UTC] PHP Warning:  Missing argument 2 for wp_kses(), called in /home/ubuntu/workspace/wp-content/plugins/rr_dogs/rr_dogs.php on line 212 and defined in /home/ubuntu/workspace/wp-includes/kses.php on line 486
[28-Sep-2014 00:07:51 UTC] PHP Warning:  Missing argument 2 for wp_kses(), called in /home/ubuntu/workspace/wp-content/plugins/rr_dogs/rr_dogs.php on line 214 and defined in /home/ubuntu/workspace/wp-includes/kses.php on line 486
[28-Sep-2014 00:07:51 UTC] PHP Warning:  Missing argument 2 for wp_kses(), called in /home/ubuntu/workspace/wp-content/plugins/rr_dogs/rr_dogs.php on line 216 and defined in /home/ubuntu/workspace/wp-includes/kses.php on line 486
[28-Sep-2014 00:07:51 UTC] PHP Warning:  Missing argument 2 for wp_kses(), called in /home/ubuntu/workspace/wp-content/plugins/rr_dogs/rr_dogs.php on line 218 and defined in /home/ubuntu/workspace/wp-includes/kses.php on line 486
[29-Sep-2014 19:32:21 UTC] PHP Warning:  Missing argument 2 for wp_kses(), called in /home/ubuntu/workspace/wp-content/plugins/rr_dogs/rr_dogs.php on line 212 and defined in /home/ubuntu/workspace/wp-includes/kses.php on line 486
[29-Sep-2014 19:32:21 UTC] PHP Warning:  Missing argument 2 for wp_kses(), called in /home/ubuntu/workspace/wp-content/plugins/rr_dogs/rr_dogs.php on line 214 and defined in /home/ubuntu/workspace/wp-includes/kses.php on line 486
[29-Sep-2014 19:32:21 UTC] PHP Warning:  Missing argument 2 for wp_kses(), called in /home/ubuntu/workspace/wp-content/plugins/rr_dogs/rr_dogs.php on line 216 and defined in /home/ubuntu/workspace/wp-includes/kses.php on line 486
[29-Sep-2014 19:32:21 UTC] PHP Warning:  Missing argument 2 for wp_kses(), called in /home/ubuntu/workspace/wp-content/plugins/rr_dogs/rr_dogs.php on line 218 and defined in /home/ubuntu/workspace/wp-includes/kses.php on line 486
[29-Sep-2014 20:43:18 UTC] PHP Warning:  Missing argument 2 for wp_kses(), called in /home/ubuntu/workspace/wp-content/plugins/rr_dogs/rr_dogs.php on line 212 and defined in /home/ubuntu/workspace/wp-includes/kses.php on line 486
[29-Sep-2014 20:43:18 UTC] PHP Warning:  Missing argument 2 for wp_kses(), called in /home/ubuntu/workspace/wp-content/plugins/rr_dogs/rr_dogs.php on line 214 and defined in /home/ubuntu/workspace/wp-includes/kses.php on line 486
[29-Sep-2014 20:43:18 UTC] PHP Warning:  Missing argument 2 for wp_kses(), called in /home/ubuntu/workspace/wp-content/plugins/rr_dogs/rr_dogs.php on line 216 and defined in /home/ubuntu/workspace/wp-includes/kses.php on line 486
[29-Sep-2014 20:43:18 UTC] PHP Warning:  Missing argument 2 for wp_kses(), called in /home/ubuntu/workspace/wp-content/plugins/rr_dogs/rr_dogs.php on line 218 and defined in /home/ubuntu/workspace/wp-includes/kses.php on line 486
[02-Oct-2014 23:28:27 UTC] PHP Warning:  Missing argument 2 for wp_kses(), called in /home/ubuntu/workspace/wp-content/plugins/rr_dogs/rr_dogs.php on line 212 and defined in /home/ubuntu/workspace/wp-includes/kses.php on line 486
[02-Oct-2014 23:28:27 UTC] PHP Warning:  Missing argument 2 for wp_kses(), called in /home/ubuntu/workspace/wp-content/plugins/rr_dogs/rr_dogs.php on line 214 and defined in /home/ubuntu/workspace/wp-includes/kses.php on line 486
[02-Oct-2014 23:28:27 UTC] PHP Warning:  Missing argument 2 for wp_kses(), called in /home/ubuntu/workspace/wp-content/plugins/rr_dogs/rr_dogs.php on line 216 and defined in /home/ubuntu/workspace/wp-includes/kses.php on line 486
[02-Oct-2014 23:28:27 UTC] PHP Warning:  Missing argument 2 for wp_kses(), called in /home/ubuntu/workspace/wp-content/plugins/rr_dogs/rr_dogs.php on line 218 and defined in /home/ubuntu/workspace/wp-includes/kses.php on line 486
[12-Oct-2014 16:26:55 UTC] PHP Warning:  Missing argument 2 for wp_kses(), called in /home/ubuntu/workspace/wp-content/plugins/rr_dogs/rr_dogs.php on line 212 and defined in /home/ubuntu/workspace/wp-includes/kses.php on line 486
[12-Oct-2014 16:26:55 UTC] PHP Warning:  Missing argument 2 for wp_kses(), called in /home/ubuntu/workspace/wp-content/plugins/rr_dogs/rr_dogs.php on line 214 and defined in /home/ubuntu/workspace/wp-includes/kses.php on line 486
[12-Oct-2014 16:26:55 UTC] PHP Warning:  Missing argument 2 for wp_kses(), called in /home/ubuntu/workspace/wp-content/plugins/rr_dogs/rr_dogs.php on line 216 and defined in /home/ubuntu/workspace/wp-includes/kses.php on line 486
[12-Oct-2014 16:26:55 UTC] PHP Warning:  Missing argument 2 for wp_kses(), called in /home/ubuntu/workspace/wp-content/plugins/rr_dogs/rr_dogs.php on line 218 and defined in /home/ubuntu/workspace/wp-includes/kses.php on line 486
[20-Oct-2014 23:23:04 UTC] PHP Warning:  Missing argument 2 for wp_kses(), called in /home/ubuntu/workspace/wp-content/plugins/rr_dogs/rr_dogs.php on line 212 and defined in /home/ubuntu/workspace/wp-includes/kses.php on line 486
[20-Oct-2014 23:23:04 UTC] PHP Warning:  Missing argument 2 for wp_kses(), called in /home/ubuntu/workspace/wp-content/plugins/rr_dogs/rr_dogs.php on line 214 and defined in /home/ubuntu/workspace/wp-includes/kses.php on line 486
[20-Oct-2014 23:23:04 UTC] PHP Warning:  Missing argument 2 for wp_kses(), called in /home/ubuntu/workspace/wp-content/plugins/rr_dogs/rr_dogs.php on line 216 and defined in /home/ubuntu/workspace/wp-includes/kses.php on line 486
[20-Oct-2014 23:23:04 UTC] PHP Warning:  Missing argument 2 for wp_kses(), called in /home/ubuntu/workspace/wp-content/plugins/rr_dogs/rr_dogs.php on line 218 and defined in /home/ubuntu/workspace/wp-includes/kses.php on line 486
[20-Oct-2014 23:36:17 UTC] PHP Warning:  Missing argument 2 for wp_kses(), called in /home/ubuntu/workspace/wp-content/plugins/rr_dogs/rr_dogs.php on line 212 and defined in /home/ubuntu/workspace/wp-includes/kses.php on line 486
[20-Oct-2014 23:36:17 UTC] PHP Warning:  Missing argument 2 for wp_kses(), called in /home/ubuntu/workspace/wp-content/plugins/rr_dogs/rr_dogs.php on line 214 and defined in /home/ubuntu/workspace/wp-includes/kses.php on line 486
[20-Oct-2014 23:36:17 UTC] PHP Warning:  Missing argument 2 for wp_kses(), called in /home/ubuntu/workspace/wp-content/plugins/rr_dogs/rr_dogs.php on line 216 and defined in /home/ubuntu/workspace/wp-includes/kses.php on line 486
[20-Oct-2014 23:36:17 UTC] PHP Warning:  Missing argument 2 for wp_kses(), called in /home/ubuntu/workspace/wp-content/plugins/rr_dogs/rr_dogs.php on line 218 and defined in /home/ubuntu/workspace/wp-includes/kses.php on line 486
[20-Oct-2014 23:37:10 UTC] PHP Warning:  Missing argument 2 for wp_kses(), called in /home/ubuntu/workspace/wp-content/plugins/rr_dogs/rr_dogs.php on line 212 and defined in /home/ubuntu/workspace/wp-includes/kses.php on line 486
[20-Oct-2014 23:37:10 UTC] PHP Warning:  Missing argument 2 for wp_kses(), called in /home/ubuntu/workspace/wp-content/plugins/rr_dogs/rr_dogs.php on line 214 and defined in /home/ubuntu/workspace/wp-includes/kses.php on line 486
[20-Oct-2014 23:37:10 UTC] PHP Warning:  Missing argument 2 for wp_kses(), called in /home/ubuntu/workspace/wp-content/plugins/rr_dogs/rr_dogs.php on line 216 and defined in /home/ubuntu/workspace/wp-includes/kses.php on line 486
[20-Oct-2014 23:37:10 UTC] PHP Warning:  Missing argument 2 for wp_kses(), called in /home/ubuntu/workspace/wp-content/plugins/rr_dogs/rr_dogs.php on line 218 and defined in /home/ubuntu/workspace/wp-includes/kses.php on line 486
[20-Oct-2014 23:37:39 UTC] PHP Warning:  Missing argument 2 for wp_kses(), called in /home/ubuntu/workspace/wp-content/plugins/rr_dogs/rr_dogs.php on line 212 and defined in /home/ubuntu/workspace/wp-includes/kses.php on line 486
[20-Oct-2014 23:37:39 UTC] PHP Warning:  Missing argument 2 for wp_kses(), called in /home/ubuntu/workspace/wp-content/plugins/rr_dogs/rr_dogs.php on line 214 and defined in /home/ubuntu/workspace/wp-includes/kses.php on line 486
[20-Oct-2014 23:37:39 UTC] PHP Warning:  Missing argument 2 for wp_kses(), called in /home/ubuntu/workspace/wp-content/plugins/rr_dogs/rr_dogs.php on line 216 and defined in /home/ubuntu/workspace/wp-includes/kses.php on line 486
[20-Oct-2014 23:37:39 UTC] PHP Warning:  Missing argument 2 for wp_kses(), called in /home/ubuntu/workspace/wp-content/plugins/rr_dogs/rr_dogs.php on line 218 and defined in /home/ubuntu/workspace/wp-includes/kses.php on line 486
[20-Oct-2014 23:38:18 UTC] PHP Warning:  Missing argument 2 for wp_kses(), called in /home/ubuntu/workspace/wp-content/plugins/rr_dogs/rr_dogs.php on line 212 and defined in /home/ubuntu/workspace/wp-includes/kses.php on line 486
[20-Oct-2014 23:38:18 UTC] PHP Warning:  Missing argument 2 for wp_kses(), called in /home/ubuntu/workspace/wp-content/plugins/rr_dogs/rr_dogs.php on line 214 and defined in /home/ubuntu/workspace/wp-includes/kses.php on line 486
[20-Oct-2014 23:38:18 UTC] PHP Warning:  Missing argument 2 for wp_kses(), called in /home/ubuntu/workspace/wp-content/plugins/rr_dogs/rr_dogs.php on line 216 and defined in /home/ubuntu/workspace/wp-includes/kses.php on line 486
[20-Oct-2014 23:38:18 UTC] PHP Warning:  Missing argument 2 for wp_kses(), called in /home/ubuntu/workspace/wp-content/plugins/rr_dogs/rr_dogs.php on line 218 and defined in /home/ubuntu/workspace/wp-includes/kses.php on line 486
[21-Oct-2014 00:42:33 UTC] PHP Warning:  Missing argument 2 for wp_kses(), called in /home/ubuntu/workspace/wp-content/plugins/rr_dogs/rr_dogs.php on line 212 and defined in /home/ubuntu/workspace/wp-includes/kses.php on line 486
[21-Oct-2014 00:42:33 UTC] PHP Warning:  Missing argument 2 for wp_kses(), called in /home/ubuntu/workspace/wp-content/plugins/rr_dogs/rr_dogs.php on line 214 and defined in /home/ubuntu/workspace/wp-includes/kses.php on line 486
[21-Oct-2014 00:42:33 UTC] PHP Warning:  Missing argument 2 for wp_kses(), called in /home/ubuntu/workspace/wp-content/plugins/rr_dogs/rr_dogs.php on line 216 and defined in /home/ubuntu/workspace/wp-includes/kses.php on line 486
[21-Oct-2014 00:42:33 UTC] PHP Warning:  Missing argument 2 for wp_kses(), called in /home/ubuntu/workspace/wp-content/plugins/rr_dogs/rr_dogs.php on line 218 and defined in /home/ubuntu/workspace/wp-includes/kses.php on line 486
[21-Oct-2014 00:47:39 UTC] PHP Warning:  Missing argument 2 for wp_kses(), called in /home/ubuntu/workspace/wp-content/plugins/rr_dogs/rr_dogs.php on line 212 and defined in /home/ubuntu/workspace/wp-includes/kses.php on line 486
[21-Oct-2014 00:47:39 UTC] PHP Warning:  Missing argument 2 for wp_kses(), called in /home/ubuntu/workspace/wp-content/plugins/rr_dogs/rr_dogs.php on line 214 and defined in /home/ubuntu/workspace/wp-includes/kses.php on line 486
[21-Oct-2014 00:47:39 UTC] PHP Warning:  Missing argument 2 for wp_kses(), called in /home/ubuntu/workspace/wp-content/plugins/rr_dogs/rr_dogs.php on line 216 and defined in /home/ubuntu/workspace/wp-includes/kses.php on line 486
[21-Oct-2014 00:47:39 UTC] PHP Warning:  Missing argument 2 for wp_kses(), called in /home/ubuntu/workspace/wp-content/plugins/rr_dogs/rr_dogs.php on line 218 and defined in /home/ubuntu/workspace/wp-includes/kses.php on line 486
